# JRE version: OpenJDK Runtime Environment (17.0.6) (build 17.0.6+0-b2043.56-10027231)
# Java VM: OpenJDK 64-Bit Server VM (17.0.6+0-b2043.56-10027231, mixed mode, tiered, compressed oops, compressed class ptrs, g1 gc, windows-amd64)
GC Precious Log:
 CPUs: 8 total, 8 available
 Memory: 7991M
 Large Page Support: Disabled
 NUMA Support: Disabled
 Compressed Oops: Enabled (Zero based)
 Heap Region Size: 2M
 Heap Min Capacity: 8M
 Heap Initial Capacity: 126M
 Heap Max Capacity: 4G
 Pre-touch: Disabled
 Parallel Workers: 8
 Concurrent Workers: 2
 Concurrent Refinement Workers: 8
 Periodic GC: Disabled
Heap:
 garbage-first heap   total 219136K, used 117013K [0x0000000700000000, 0x0000000800000000)
  region size 2048K, 3 young (6144K), 3 survivors (6144K)
 Metaspace       used 106288K, committed 107072K, reserved 1146880K
  class space    used 14910K, committed 15296K, reserved 1048576K
GC Heap History (20 events):
Event: 12.677 GC heap after
{Heap after GC invocations=40 (full 0):
 garbage-first heap   total 157696K, used 69636K [0x0000000700000000, 0x0000000800000000)
  region size 2048K, 3 young (6144K), 3 survivors (6144K)
 Metaspace       used 89312K, committed 89920K, reserved 1130496K
  class space    used 12192K, committed 12480K, reserved 1048576K
}
Event: 13.382 GC heap before
{Heap before GC invocations=40 (full 0):
 garbage-first heap   total 157696K, used 126980K [0x0000000700000000, 0x0000000800000000)
  region size 2048K, 32 young (65536K), 3 survivors (6144K)
 Metaspace       used 91444K, committed 92160K, reserved 1130496K
  class space    used 12601K, committed 12928K, reserved 1048576K
}
Event: 13.391 GC heap after
{Heap after GC invocations=41 (full 0):
 garbage-first heap   total 157696K, used 77134K [0x0000000700000000, 0x0000000800000000)
  region size 2048K, 4 young (8192K), 4 survivors (8192K)
 Metaspace       used 91444K, committed 92160K, reserved 1130496K
  class space    used 12601K, committed 12928K, reserved 1048576K
}
Event: 13.825 GC heap before
{Heap before GC invocations=41 (full 0):
 garbage-first heap   total 157696K, used 124238K [0x0000000700000000, 0x0000000800000000)
  region size 2048K, 28 young (57344K), 4 survivors (8192K)
 Metaspace       used 92286K, committed 92928K, reserved 1130496K
  class space    used 12705K, committed 12992K, reserved 1048576K
}
Event: 13.832 GC heap after
{Heap after GC invocations=42 (full 0):
 garbage-first heap   total 157696K, used 80195K [0x0000000700000000, 0x0000000800000000)
  region size 2048K, 2 young (4096K), 2 survivors (4096K)
 Metaspace       used 92286K, committed 92928K, reserved 1130496K
  class space    used 12705K, committed 12992K, reserved 1048576K
}
Event: 14.216 GC heap before
{Heap before GC invocations=43 (full 0):
 garbage-first heap   total 157696K, used 127299K [0x0000000700000000, 0x0000000800000000)
  region size 2048K, 26 young (53248K), 2 survivors (4096K)
 Metaspace       used 94438K, committed 95104K, reserved 1138688K
  class space    used 12921K, committed 13248K, reserved 1048576K
}
Event: 14.222 GC heap after
{Heap after GC invocations=44 (full 0):
 garbage-first heap   total 157696K, used 82985K [0x0000000700000000, 0x0000000800000000)
  region size 2048K, 3 young (6144K), 3 survivors (6144K)
 Metaspace       used 94438K, committed 95104K, reserved 1138688K
  class space    used 12921K, committed 13248K, reserved 1048576K
}
Event: 14.470 GC heap before
{Heap before GC invocations=44 (full 0):
 garbage-first heap   total 157696K, used 128041K [0x0000000700000000, 0x0000000800000000)
  region size 2048K, 26 young (53248K), 3 survivors (6144K)
 Metaspace       used 96187K, committed 96896K, reserved 1138688K
  class space    used 13164K, committed 13504K, reserved 1048576K
}
Event: 14.479 GC heap after
{Heap after GC invocations=45 (full 0):
 garbage-first heap   total 192512K, used 90244K [0x0000000700000000, 0x0000000800000000)
  region size 2048K, 4 young (8192K), 4 survivors (8192K)
 Metaspace       used 96187K, committed 96896K, reserved 1138688K
  class space    used 13164K, committed 13504K, reserved 1048576K
}
Event: 14.872 GC heap before
{Heap before GC invocations=46 (full 0):
 garbage-first heap   total 192512K, used 149636K [0x0000000700000000, 0x0000000800000000)
  region size 2048K, 34 young (69632K), 4 survivors (8192K)
 Metaspace       used 100081K, committed 100736K, reserved 1138688K
  class space    used 13781K, committed 14080K, reserved 1048576K
}
Event: 14.885 GC heap after
{Heap after GC invocations=47 (full 0):
 garbage-first heap   total 192512K, used 99070K [0x0000000700000000, 0x0000000800000000)
  region size 2048K, 5 young (10240K), 5 survivors (10240K)
 Metaspace       used 100081K, committed 100736K, reserved 1138688K
  class space    used 13781K, committed 14080K, reserved 1048576K
}
Event: 14.891 GC heap before
{Heap before GC invocations=47 (full 0):
 garbage-first heap   total 192512K, used 101118K [0x0000000700000000, 0x0000000800000000)
  region size 2048K, 6 young (12288K), 5 survivors (10240K)
 Metaspace       used 100154K, committed 100800K, reserved 1138688K
  class space    used 13795K, committed 14080K, reserved 1048576K
}
Event: 14.898 GC heap after
{Heap after GC invocations=48 (full 0):
 garbage-first heap   total 192512K, used 99071K [0x0000000700000000, 0x0000000800000000)
  region size 2048K, 1 young (2048K), 1 survivors (2048K)
 Metaspace       used 100154K, committed 100800K, reserved 1138688K
  class space    used 13795K, committed 14080K, reserved 1048576K
}
Event: 15.076 GC heap before
{Heap before GC invocations=48 (full 0):
 garbage-first heap   total 192512K, used 150271K [0x0000000700000000, 0x0000000800000000)
  region size 2048K, 27 young (55296K), 1 survivors (2048K)
 Metaspace       used 103189K, committed 103872K, reserved 1138688K
  class space    used 14304K, committed 14592K, reserved 1048576K
}
Event: 15.085 GC heap after
{Heap after GC invocations=49 (full 0):
 garbage-first heap   total 192512K, used 106606K [0x0000000700000000, 0x0000000800000000)
  region size 2048K, 4 young (8192K), 4 survivors (8192K)
 Metaspace       used 103189K, committed 103872K, reserved 1138688K
  class space    used 14304K, committed 14592K, reserved 1048576K
}
Event: 15.281 GC heap before
{Heap before GC invocations=50 (full 0):
 garbage-first heap   total 219136K, used 153710K [0x0000000700000000, 0x0000000800000000)
  region size 2048K, 27 young (55296K), 4 survivors (8192K)
 Metaspace       used 104816K, committed 105600K, reserved 1146880K
  class space    used 14643K, committed 15040K, reserved 1048576K
}
Event: 15.293 GC heap after
{Heap after GC invocations=51 (full 0):
 garbage-first heap   total 219136K, used 112806K [0x0000000700000000, 0x0000000800000000)
  region size 2048K, 3 young (6144K), 3 survivors (6144K)
 Metaspace       used 104816K, committed 105600K, reserved 1146880K
  class space    used 14643K, committed 15040K, reserved 1048576K
}
Event: 15.300 GC heap before
{Heap before GC invocations=51 (full 0):
 garbage-first heap   total 219136K, used 116902K [0x0000000700000000, 0x0000000800000000)
  region size 2048K, 5 young (10240K), 3 survivors (6144K)
 Metaspace       used 104848K, committed 105600K, reserved 1146880K
  class space    used 14648K, committed 15040K, reserved 1048576K
}
Event: 15.307 GC heap after
{Heap after GC invocations=52 (full 0):
 garbage-first heap   total 219136K, used 113372K [0x0000000700000000, 0x0000000800000000)
  region size 2048K, 1 young (2048K), 1 survivors (2048K)
 Metaspace       used 104848K, committed 105600K, reserved 1146880K
  class space    used 14648K, committed 15040K, reserved 1048576K
}
Event: 15.426 GC heap before
{Heap before GC invocations=52 (full 0):
 garbage-first heap   total 219136K, used 174812K [0x0000000700000000, 0x0000000800000000)
  region size 2048K, 31 young (63488K), 1 survivors (2048K)
 Metaspace       used 106288K, committed 107072K, reserved 1146880K
  class space    used 14910K, committed 15296K, reserved 1048576K
}

