# JRE version: OpenJDK Runtime Environment (17.0.6) (build 17.0.6+0-b2043.56-10027231)
# Java VM: OpenJDK 64-Bit Server VM (17.0.6+0-b2043.56-10027231, mixed mode, tiered, compressed oops, compressed class ptrs, g1 gc, windows-amd64)
GC Precious Log:
 CPUs: 8 total, 8 available
 Memory: 7991M
 Large Page Support: Disabled
 NUMA Support: Disabled
 Compressed Oops: Enabled (32-bit)
 Heap Region Size: 1M
 Heap Min Capacity: 8M
 Heap Initial Capacity: 126M
 Heap Max Capacity: 2G
 Pre-touch: Disabled
 Parallel Workers: 8
 Concurrent Workers: 2
 Concurrent Refinement Workers: 8
 Periodic GC: Disabled
Heap:
 garbage-first heap   total 442368K, used 174985K [0x0000000080000000, 0x0000000100000000)
  region size 1024K, 9 young (9216K), 9 survivors (9216K)
 Metaspace       used 118681K, committed 119424K, reserved 1155072K
  class space    used 16346K, committed 16704K, reserved 1048576K
GC Heap History (20 events):
Event: 52.612 GC heap after
{Heap after GC invocations=75 (full 0):
 garbage-first heap   total 442368K, used 170683K [0x0000000080000000, 0x0000000100000000)
  region size 1024K, 9 young (9216K), 9 survivors (9216K)
 Metaspace       used 117686K, committed 118464K, reserved 1155072K
  class space    used 16256K, committed 16640K, reserved 1048576K
}
Event: 53.015 GC heap before
{Heap before GC invocations=75 (full 0):
 garbage-first heap   total 442368K, used 386747K [0x0000000080000000, 0x0000000100000000)
  region size 1024K, 220 young (225280K), 9 survivors (9216K)
 Metaspace       used 117702K, committed 118464K, reserved 1155072K
  class space    used 16256K, committed 16640K, reserved 1048576K
}
Event: 53.025 GC heap after
{Heap after GC invocations=76 (full 0):
 garbage-first heap   total 442368K, used 172186K [0x0000000080000000, 0x0000000100000000)
  region size 1024K, 11 young (11264K), 11 survivors (11264K)
 Metaspace       used 117702K, committed 118464K, reserved 1155072K
  class space    used 16256K, committed 16640K, reserved 1048576K
}
Event: 53.348 GC heap before
{Heap before GC invocations=76 (full 0):
 garbage-first heap   total 442368K, used 385178K [0x0000000080000000, 0x0000000100000000)
  region size 1024K, 219 young (224256K), 11 survivors (11264K)
 Metaspace       used 117731K, committed 118528K, reserved 1155072K
  class space    used 16258K, committed 16640K, reserved 1048576K
}
Event: 53.357 GC heap after
{Heap after GC invocations=77 (full 0):
 garbage-first heap   total 442368K, used 172712K [0x0000000080000000, 0x0000000100000000)
  region size 1024K, 11 young (11264K), 11 survivors (11264K)
 Metaspace       used 117731K, committed 118528K, reserved 1155072K
  class space    used 16258K, committed 16640K, reserved 1048576K
}
Event: 53.759 GC heap before
{Heap before GC invocations=77 (full 0):
 garbage-first heap   total 442368K, used 385704K [0x0000000080000000, 0x0000000100000000)
  region size 1024K, 219 young (224256K), 11 survivors (11264K)
 Metaspace       used 117830K, committed 118592K, reserved 1155072K
  class space    used 16273K, committed 16640K, reserved 1048576K
}
Event: 53.769 GC heap after
{Heap after GC invocations=78 (full 0):
 garbage-first heap   total 442368K, used 173560K [0x0000000080000000, 0x0000000100000000)
  region size 1024K, 12 young (12288K), 12 survivors (12288K)
 Metaspace       used 117830K, committed 118592K, reserved 1155072K
  class space    used 16273K, committed 16640K, reserved 1048576K
}
Event: 54.257 GC heap before
{Heap before GC invocations=78 (full 0):
 garbage-first heap   total 442368K, used 385528K [0x0000000080000000, 0x0000000100000000)
  region size 1024K, 218 young (223232K), 12 survivors (12288K)
 Metaspace       used 118320K, committed 119104K, reserved 1155072K
  class space    used 16333K, committed 16704K, reserved 1048576K
}
Event: 54.269 GC heap after
{Heap after GC invocations=79 (full 0):
 garbage-first heap   total 442368K, used 173333K [0x0000000080000000, 0x0000000100000000)
  region size 1024K, 12 young (12288K), 12 survivors (12288K)
 Metaspace       used 118320K, committed 119104K, reserved 1155072K
  class space    used 16333K, committed 16704K, reserved 1048576K
}
Event: 54.691 GC heap before
{Heap before GC invocations=79 (full 0):
 garbage-first heap   total 442368K, used 384277K [0x0000000080000000, 0x0000000100000000)
  region size 1024K, 218 young (223232K), 12 survivors (12288K)
 Metaspace       used 118337K, committed 119168K, reserved 1155072K
  class space    used 16333K, committed 16704K, reserved 1048576K
}
Event: 54.706 GC heap after
{Heap after GC invocations=80 (full 0):
 garbage-first heap   total 442368K, used 174085K [0x0000000080000000, 0x0000000100000000)
  region size 1024K, 13 young (13312K), 13 survivors (13312K)
 Metaspace       used 118337K, committed 119168K, reserved 1155072K
  class space    used 16333K, committed 16704K, reserved 1048576K
}
Event: 55.161 GC heap before
{Heap before GC invocations=80 (full 0):
 garbage-first heap   total 442368K, used 382981K [0x0000000080000000, 0x0000000100000000)
  region size 1024K, 217 young (222208K), 13 survivors (13312K)
 Metaspace       used 118408K, committed 119232K, reserved 1155072K
  class space    used 16339K, committed 16704K, reserved 1048576K
}
Event: 55.173 GC heap after
{Heap after GC invocations=81 (full 0):
 garbage-first heap   total 442368K, used 175672K [0x0000000080000000, 0x0000000100000000)
  region size 1024K, 14 young (14336K), 14 survivors (14336K)
 Metaspace       used 118408K, committed 119232K, reserved 1155072K
  class space    used 16339K, committed 16704K, reserved 1048576K
}
Event: 55.671 GC heap before
{Heap before GC invocations=81 (full 0):
 garbage-first heap   total 442368K, used 383544K [0x0000000080000000, 0x0000000100000000)
  region size 1024K, 216 young (221184K), 14 survivors (14336K)
 Metaspace       used 118478K, committed 119296K, reserved 1155072K
  class space    used 16342K, committed 16704K, reserved 1048576K
}
Event: 55.691 GC heap after
{Heap after GC invocations=82 (full 0):
 garbage-first heap   total 442368K, used 174446K [0x0000000080000000, 0x0000000100000000)
  region size 1024K, 13 young (13312K), 13 survivors (13312K)
 Metaspace       used 118478K, committed 119296K, reserved 1155072K
  class space    used 16342K, committed 16704K, reserved 1048576K
}
Event: 56.350 GC heap before
{Heap before GC invocations=82 (full 0):
 garbage-first heap   total 442368K, used 383342K [0x0000000080000000, 0x0000000100000000)
  region size 1024K, 217 young (222208K), 13 survivors (13312K)
 Metaspace       used 118485K, committed 119296K, reserved 1155072K
  class space    used 16342K, committed 16704K, reserved 1048576K
}
Event: 56.406 GC heap after
{Heap after GC invocations=83 (full 0):
 garbage-first heap   total 442368K, used 174847K [0x0000000080000000, 0x0000000100000000)
  region size 1024K, 13 young (13312K), 13 survivors (13312K)
 Metaspace       used 118485K, committed 119296K, reserved 1155072K
  class space    used 16342K, committed 16704K, reserved 1048576K
}
Event: 57.445 GC heap before
{Heap before GC invocations=83 (full 0):
 garbage-first heap   total 442368K, used 384767K [0x0000000080000000, 0x0000000100000000)
  region size 1024K, 217 young (222208K), 13 survivors (13312K)
 Metaspace       used 118601K, committed 119360K, reserved 1155072K
  class space    used 16344K, committed 16704K, reserved 1048576K
}
Event: 57.511 GC heap after
{Heap after GC invocations=84 (full 0):
 garbage-first heap   total 442368K, used 174732K [0x0000000080000000, 0x0000000100000000)
  region size 1024K, 13 young (13312K), 13 survivors (13312K)
 Metaspace       used 118601K, committed 119360K, reserved 1155072K
  class space    used 16344K, committed 16704K, reserved 1048576K
}
Event: 63.936 GC heap before
{Heap before GC invocations=84 (full 0):
 garbage-first heap   total 442368K, used 382604K [0x0000000080000000, 0x0000000100000000)
  region size 1024K, 217 young (222208K), 13 survivors (13312K)
 Metaspace       used 118681K, committed 119424K, reserved 1155072K
  class space    used 16346K, committed 16704K, reserved 1048576K
}

