# JRE version: OpenJDK Runtime Environment (17.0.6) (build 17.0.6+0-b2043.56-10027231)
# Java VM: OpenJDK 64-Bit Server VM (17.0.6+0-b2043.56-10027231, mixed mode, tiered, compressed oops, compressed class ptrs, g1 gc, windows-amd64)
GC Precious Log:
 CPUs: 8 total, 8 available
 Memory: 7991M
 Large Page Support: Disabled
 NUMA Support: Disabled
 Compressed Oops: Enabled (32-bit)
 Heap Region Size: 1M
 Heap Min Capacity: 8M
 Heap Initial Capacity: 126M
 Heap Max Capacity: 2G
 Pre-touch: Disabled
 Parallel Workers: 8
 Concurrent Workers: 2
 Concurrent Refinement Workers: 8
 Periodic GC: Disabled
Heap:
 garbage-first heap   total 508928K, used 316303K [0x0000000080000000, 0x0000000100000000)
  region size 1024K, 62 young (63488K), 3 survivors (3072K)
 Metaspace       used 199839K, committed 200960K, reserved 1228800K
  class space    used 24606K, committed 25152K, reserved 1048576K
GC Heap History (20 events):
Event: 975.965 GC heap before
{Heap before GC invocations=118 (full 0):
 garbage-first heap   total 508928K, used 431201K [0x0000000080000000, 0x0000000100000000)
  region size 1024K, 183 young (187392K), 7 survivors (7168K)
 Metaspace       used 181402K, committed 182336K, reserved 1212416K
  class space    used 22427K, committed 22848K, reserved 1048576K
}
Event: 975.970 GC heap after
{Heap after GC invocations=119 (full 0):
 garbage-first heap   total 508928K, used 251173K [0x0000000080000000, 0x0000000100000000)
  region size 1024K, 7 young (7168K), 7 survivors (7168K)
 Metaspace       used 181402K, committed 182336K, reserved 1212416K
  class space    used 22427K, committed 22848K, reserved 1048576K
}
Event: 1025.936 GC heap before
{Heap before GC invocations=119 (full 0):
 garbage-first heap   total 508928K, used 437541K [0x0000000080000000, 0x0000000100000000)
  region size 1024K, 187 young (191488K), 7 survivors (7168K)
 Metaspace       used 189232K, committed 190208K, reserved 1220608K
  class space    used 23470K, committed 23936K, reserved 1048576K
}
Event: 1025.942 GC heap after
{Heap after GC invocations=120 (full 0):
 garbage-first heap   total 508928K, used 255085K [0x0000000080000000, 0x0000000100000000)
  region size 1024K, 8 young (8192K), 8 survivors (8192K)
 Metaspace       used 189232K, committed 190208K, reserved 1220608K
  class space    used 23470K, committed 23936K, reserved 1048576K
}
Event: 1026.539 GC heap before
{Heap before GC invocations=120 (full 0):
 garbage-first heap   total 508928K, used 440429K [0x0000000080000000, 0x0000000100000000)
  region size 1024K, 187 young (191488K), 8 survivors (8192K)
 Metaspace       used 189662K, committed 190656K, reserved 1220608K
  class space    used 23496K, committed 24000K, reserved 1048576K
}
Event: 1026.546 GC heap after
{Heap after GC invocations=121 (full 0):
 garbage-first heap   total 508928K, used 257641K [0x0000000080000000, 0x0000000100000000)
  region size 1024K, 11 young (11264K), 11 survivors (11264K)
 Metaspace       used 189662K, committed 190656K, reserved 1220608K
  class space    used 23496K, committed 24000K, reserved 1048576K
}
Event: 1027.260 GC heap before
{Heap before GC invocations=121 (full 0):
 garbage-first heap   total 508928K, used 438889K [0x0000000080000000, 0x0000000100000000)
  region size 1024K, 188 young (192512K), 11 survivors (11264K)
 Metaspace       used 189683K, committed 190656K, reserved 1220608K
  class space    used 23497K, committed 24000K, reserved 1048576K
}
Event: 1027.267 GC heap after
{Heap after GC invocations=122 (full 0):
 garbage-first heap   total 508928K, used 258187K [0x0000000080000000, 0x0000000100000000)
  region size 1024K, 11 young (11264K), 11 survivors (11264K)
 Metaspace       used 189683K, committed 190656K, reserved 1220608K
  class space    used 23497K, committed 24000K, reserved 1048576K
}
Event: 1027.733 GC heap before
{Heap before GC invocations=122 (full 0):
 garbage-first heap   total 508928K, used 282763K [0x0000000080000000, 0x0000000100000000)
  region size 1024K, 35 young (35840K), 11 survivors (11264K)
 Metaspace       used 192022K, committed 192960K, reserved 1220608K
  class space    used 23733K, committed 24192K, reserved 1048576K
}
Event: 1027.740 GC heap after
{Heap after GC invocations=123 (full 0):
 garbage-first heap   total 508928K, used 253991K [0x0000000080000000, 0x0000000100000000)
  region size 1024K, 8 young (8192K), 8 survivors (8192K)
 Metaspace       used 192022K, committed 192960K, reserved 1220608K
  class space    used 23733K, committed 24192K, reserved 1048576K
}
Event: 1046.361 GC heap before
{Heap before GC invocations=124 (full 0):
 garbage-first heap   total 508928K, used 437287K [0x0000000080000000, 0x0000000100000000)
  region size 1024K, 194 young (198656K), 8 survivors (8192K)
 Metaspace       used 193279K, committed 194176K, reserved 1220608K
  class space    used 23819K, committed 24256K, reserved 1048576K
}
Event: 1046.373 GC heap after
{Heap after GC invocations=125 (full 0):
 garbage-first heap   total 508928K, used 252043K [0x0000000080000000, 0x0000000100000000)
  region size 1024K, 13 young (13312K), 13 survivors (13312K)
 Metaspace       used 193279K, committed 194176K, reserved 1220608K
  class space    used 23819K, committed 24256K, reserved 1048576K
}
Event: 1046.743 GC heap before
{Heap before GC invocations=125 (full 0):
 garbage-first heap   total 508928K, used 262283K [0x0000000080000000, 0x0000000100000000)
  region size 1024K, 24 young (24576K), 13 survivors (13312K)
 Metaspace       used 193290K, committed 194240K, reserved 1220608K
  class space    used 23819K, committed 24256K, reserved 1048576K
}
Event: 1046.762 GC heap after
{Heap after GC invocations=126 (full 0):
 garbage-first heap   total 508928K, used 246057K [0x0000000080000000, 0x0000000100000000)
  region size 1024K, 2 young (2048K), 2 survivors (2048K)
 Metaspace       used 193290K, committed 194240K, reserved 1220608K
  class space    used 23819K, committed 24256K, reserved 1048576K
}
Event: 1082.302 GC heap before
{Heap before GC invocations=126 (full 0):
 garbage-first heap   total 508928K, used 441641K [0x0000000080000000, 0x0000000100000000)
  region size 1024K, 194 young (198656K), 2 survivors (2048K)
 Metaspace       used 198358K, committed 199488K, reserved 1228800K
  class space    used 24464K, committed 25024K, reserved 1048576K
}
Event: 1082.313 GC heap after
{Heap after GC invocations=127 (full 0):
 garbage-first heap   total 508928K, used 253515K [0x0000000080000000, 0x0000000100000000)
  region size 1024K, 10 young (10240K), 10 survivors (10240K)
 Metaspace       used 198358K, committed 199488K, reserved 1228800K
  class space    used 24464K, committed 25024K, reserved 1048576K
}
Event: 1291.935 GC heap before
{Heap before GC invocations=128 (full 0):
 garbage-first heap   total 508928K, used 436811K [0x0000000080000000, 0x0000000100000000)
  region size 1024K, 190 young (194560K), 10 survivors (10240K)
 Metaspace       used 199497K, committed 200640K, reserved 1228800K
  class space    used 24593K, committed 25152K, reserved 1048576K
}
Event: 1291.950 GC heap after
{Heap after GC invocations=129 (full 0):
 garbage-first heap   total 508928K, used 260053K [0x0000000080000000, 0x0000000100000000)
  region size 1024K, 16 young (16384K), 16 survivors (16384K)
 Metaspace       used 199497K, committed 200640K, reserved 1228800K
  class space    used 24593K, committed 25152K, reserved 1048576K
}
Event: 1292.087 GC heap before
{Heap before GC invocations=129 (full 0):
 garbage-first heap   total 508928K, used 267221K [0x0000000080000000, 0x0000000100000000)
  region size 1024K, 24 young (24576K), 16 survivors (16384K)
 Metaspace       used 199529K, committed 200640K, reserved 1228800K
  class space    used 24593K, committed 25152K, reserved 1048576K
}
Event: 1292.118 GC heap after
{Heap after GC invocations=130 (full 0):
 garbage-first heap   total 508928K, used 256911K [0x0000000080000000, 0x0000000100000000)
  region size 1024K, 3 young (3072K), 3 survivors (3072K)
 Metaspace       used 199529K, committed 200640K, reserved 1228800K
  class space    used 24593K, committed 25152K, reserved 1048576K
}

