# JRE version: OpenJDK Runtime Environment (17.0.6) (build 17.0.6+0-b2043.56-10027231)
# Java VM: OpenJDK 64-Bit Server VM (17.0.6+0-b2043.56-10027231, mixed mode, tiered, compressed oops, compressed class ptrs, g1 gc, windows-amd64)
GC Precious Log:
 CPUs: 8 total, 8 available
 Memory: 7991M
 Large Page Support: Disabled
 NUMA Support: Disabled
 Compressed Oops: Enabled (Zero based)
 Heap Region Size: 2M
 Heap Min Capacity: 8M
 Heap Initial Capacity: 126M
 Heap Max Capacity: 4G
 Pre-touch: Disabled
 Parallel Workers: 8
 Concurrent Workers: 2
 Concurrent Refinement Workers: 8
 Periodic GC: Disabled
Heap:
 garbage-first heap   total 286720K, used 134148K [0x0000000700000000, 0x0000000800000000)
  region size 2048K, 5 young (10240K), 5 survivors (10240K)
 Metaspace       used 112722K, committed 113472K, reserved 1146880K
  class space    used 15911K, committed 16256K, reserved 1048576K
GC Heap History (20 events):
Event: 10.555 GC heap after
{Heap after GC invocations=27 (full 0):
 garbage-first heap   total 182272K, used 70941K [0x0000000700000000, 0x0000000800000000)
  region size 2048K, 6 young (12288K), 6 survivors (12288K)
 Metaspace       used 91053K, committed 91712K, reserved 1130496K
  class space    used 12490K, committed 12800K, reserved 1048576K
}
Event: 11.056 GC heap before
{Heap before GC invocations=27 (full 0):
 garbage-first heap   total 182272K, used 144669K [0x0000000700000000, 0x0000000800000000)
  region size 2048K, 43 young (88064K), 6 survivors (12288K)
 Metaspace       used 92441K, committed 93120K, reserved 1130496K
  class space    used 12736K, committed 13056K, reserved 1048576K
}
Event: 11.067 GC heap after
{Heap after GC invocations=28 (full 0):
 garbage-first heap   total 182272K, used 77015K [0x0000000700000000, 0x0000000800000000)
  region size 2048K, 3 young (6144K), 3 survivors (6144K)
 Metaspace       used 92441K, committed 93120K, reserved 1130496K
  class space    used 12736K, committed 13056K, reserved 1048576K
}
Event: 11.395 GC heap before
{Heap before GC invocations=28 (full 0):
 garbage-first heap   total 182272K, used 144599K [0x0000000700000000, 0x0000000800000000)
  region size 2048K, 37 young (75776K), 3 survivors (6144K)
 Metaspace       used 95696K, committed 96384K, reserved 1138688K
  class space    used 13106K, committed 13440K, reserved 1048576K
}
Event: 11.406 GC heap after
{Heap after GC invocations=29 (full 0):
 garbage-first heap   total 182272K, used 83377K [0x0000000700000000, 0x0000000800000000)
  region size 2048K, 5 young (10240K), 5 survivors (10240K)
 Metaspace       used 95696K, committed 96384K, reserved 1138688K
  class space    used 13106K, committed 13440K, reserved 1048576K
}
Event: 11.690 GC heap before
{Heap before GC invocations=29 (full 0):
 garbage-first heap   total 182272K, used 144817K [0x0000000700000000, 0x0000000800000000)
  region size 2048K, 36 young (73728K), 5 survivors (10240K)
 Metaspace       used 99246K, committed 99904K, reserved 1138688K
  class space    used 13639K, committed 13952K, reserved 1048576K
}
Event: 11.702 GC heap after
{Heap after GC invocations=30 (full 0):
 garbage-first heap   total 182272K, used 93154K [0x0000000700000000, 0x0000000800000000)
  region size 2048K, 5 young (10240K), 5 survivors (10240K)
 Metaspace       used 99246K, committed 99904K, reserved 1138688K
  class space    used 13639K, committed 13952K, reserved 1048576K
}
Event: 11.860 GC heap before
{Heap before GC invocations=30 (full 0):
 garbage-first heap   total 182272K, used 144354K [0x0000000700000000, 0x0000000800000000)
  region size 2048K, 31 young (63488K), 5 survivors (10240K)
 Metaspace       used 101089K, committed 101824K, reserved 1138688K
  class space    used 13941K, committed 14272K, reserved 1048576K
}
Event: 11.874 GC heap after
{Heap after GC invocations=31 (full 0):
 garbage-first heap   total 223232K, used 101557K [0x0000000700000000, 0x0000000800000000)
  region size 2048K, 4 young (8192K), 4 survivors (8192K)
 Metaspace       used 101089K, committed 101824K, reserved 1138688K
  class space    used 13941K, committed 14272K, reserved 1048576K
}
Event: 12.244 GC heap before
{Heap before GC invocations=32 (full 0):
 garbage-first heap   total 223232K, used 173237K [0x0000000700000000, 0x0000000800000000)
  region size 2048K, 39 young (79872K), 4 survivors (8192K)
 Metaspace       used 102598K, committed 103296K, reserved 1138688K
  class space    used 14150K, committed 14464K, reserved 1048576K
}
Event: 12.263 GC heap after
{Heap after GC invocations=33 (full 0):
 garbage-first heap   total 223232K, used 113311K [0x0000000700000000, 0x0000000800000000)
  region size 2048K, 5 young (10240K), 5 survivors (10240K)
 Metaspace       used 102598K, committed 103296K, reserved 1138688K
  class space    used 14150K, committed 14464K, reserved 1048576K
}
Event: 12.447 GC heap before
{Heap before GC invocations=33 (full 0):
 garbage-first heap   total 223232K, used 174751K [0x0000000700000000, 0x0000000800000000)
  region size 2048K, 35 young (71680K), 5 survivors (10240K)
 Metaspace       used 104571K, committed 105344K, reserved 1146880K
  class space    used 14578K, committed 14976K, reserved 1048576K
}
Event: 12.458 GC heap after
{Heap after GC invocations=34 (full 0):
 garbage-first heap   total 223232K, used 119282K [0x0000000700000000, 0x0000000800000000)
  region size 2048K, 3 young (6144K), 3 survivors (6144K)
 Metaspace       used 104571K, committed 105344K, reserved 1146880K
  class space    used 14578K, committed 14976K, reserved 1048576K
}
Event: 12.640 GC heap before
{Heap before GC invocations=35 (full 0):
 garbage-first heap   total 286720K, used 178674K [0x0000000700000000, 0x0000000800000000)
  region size 2048K, 32 young (65536K), 3 survivors (6144K)
 Metaspace       used 105870K, committed 106560K, reserved 1146880K
  class space    used 14803K, committed 15168K, reserved 1048576K
}
Event: 12.650 GC heap after
{Heap after GC invocations=36 (full 0):
 garbage-first heap   total 286720K, used 125926K [0x0000000700000000, 0x0000000800000000)
  region size 2048K, 4 young (8192K), 4 survivors (8192K)
 Metaspace       used 105870K, committed 106560K, reserved 1146880K
  class space    used 14803K, committed 15168K, reserved 1048576K
}
Event: 13.118 GC heap before
{Heap before GC invocations=36 (full 0):
 garbage-first heap   total 286720K, used 222182K [0x0000000700000000, 0x0000000800000000)
  region size 2048K, 51 young (104448K), 4 survivors (8192K)
 Metaspace       used 109846K, committed 110592K, reserved 1146880K
  class space    used 15535K, committed 15872K, reserved 1048576K
}
Event: 13.128 GC heap after
{Heap after GC invocations=37 (full 0):
 garbage-first heap   total 286720K, used 131151K [0x0000000700000000, 0x0000000800000000)
  region size 2048K, 6 young (12288K), 6 survivors (12288K)
 Metaspace       used 109846K, committed 110592K, reserved 1146880K
  class space    used 15535K, committed 15872K, reserved 1048576K
}
Event: 13.520 GC heap before
{Heap before GC invocations=37 (full 0):
 garbage-first heap   total 286720K, used 223311K [0x0000000700000000, 0x0000000800000000)
  region size 2048K, 52 young (106496K), 6 survivors (12288K)
 Metaspace       used 112250K, committed 112960K, reserved 1146880K
  class space    used 15877K, committed 16256K, reserved 1048576K
}
Event: 13.530 GC heap after
{Heap after GC invocations=38 (full 0):
 garbage-first heap   total 286720K, used 132596K [0x0000000700000000, 0x0000000800000000)
  region size 2048K, 4 young (8192K), 4 survivors (8192K)
 Metaspace       used 112250K, committed 112960K, reserved 1146880K
  class space    used 15877K, committed 16256K, reserved 1048576K
}
Event: 13.867 GC heap before
{Heap before GC invocations=38 (full 0):
 garbage-first heap   total 286720K, used 228852K [0x0000000700000000, 0x0000000800000000)
  region size 2048K, 52 young (106496K), 4 survivors (8192K)
 Metaspace       used 112722K, committed 113472K, reserved 1146880K
  class space    used 15911K, committed 16256K, reserved 1048576K
}

