# JRE version: OpenJDK Runtime Environment (17.0.6) (build 17.0.6+0-b2043.56-10027231)
# Java VM: OpenJDK 64-Bit Server VM (17.0.6+0-b2043.56-10027231, mixed mode, tiered, compressed oops, compressed class ptrs, g1 gc, windows-amd64)
GC Precious Log:
 CPUs: 8 total, 8 available
 Memory: 7991M
 Large Page Support: Disabled
 NUMA Support: Disabled
 Compressed Oops: Enabled (Zero based)
 Heap Region Size: 2M
 Heap Min Capacity: 8M
 Heap Initial Capacity: 126M
 Heap Max Capacity: 4G
 Pre-touch: Disabled
 Parallel Workers: 8
 Concurrent Workers: 2
 Concurrent Refinement Workers: 8
 Periodic GC: Disabled
Heap:
 garbage-first heap   total 366592K, used 313212K [0x0000000700000000, 0x0000000800000000)
  region size 2048K, 97 young (198656K), 8 survivors (16384K)
 Metaspace       used 114499K, committed 115264K, reserved 1155072K
  class space    used 15908K, committed 16320K, reserved 1048576K
GC Heap History (20 events):
Event: 13.201 GC heap before
{Heap before GC invocations=42 (full 0):
 garbage-first heap   total 167936K, used 132705K [0x0000000700000000, 0x0000000800000000)
  region size 2048K, 23 young (47104K), 3 survivors (6144K)
 Metaspace       used 99604K, committed 100288K, reserved 1138688K
  class space    used 13681K, committed 14016K, reserved 1048576K
}
Event: 13.209 GC heap after
{Heap after GC invocations=43 (full 0):
 garbage-first heap   total 253952K, used 97867K [0x0000000700000000, 0x0000000800000000)
  region size 2048K, 3 young (6144K), 3 survivors (6144K)
 Metaspace       used 99604K, committed 100288K, reserved 1138688K
  class space    used 13681K, committed 14016K, reserved 1048576K
}
Event: 13.613 GC heap before
{Heap before GC invocations=44 (full 0):
 garbage-first heap   total 253952K, used 196171K [0x0000000700000000, 0x0000000800000000)
  region size 2048K, 51 young (104448K), 3 survivors (6144K)
 Metaspace       used 103240K, committed 103872K, reserved 1138688K
  class space    used 14269K, committed 14592K, reserved 1048576K
}
Event: 13.628 GC heap after
{Heap after GC invocations=45 (full 0):
 garbage-first heap   total 253952K, used 109524K [0x0000000700000000, 0x0000000800000000)
  region size 2048K, 7 young (14336K), 7 survivors (14336K)
 Metaspace       used 103240K, committed 103872K, reserved 1138688K
  class space    used 14269K, committed 14592K, reserved 1048576K
}
Event: 13.817 GC heap before
{Heap before GC invocations=45 (full 0):
 garbage-first heap   total 253952K, used 191444K [0x0000000700000000, 0x0000000800000000)
  region size 2048K, 46 young (94208K), 7 survivors (14336K)
 Metaspace       used 105455K, committed 106176K, reserved 1146880K
  class space    used 14693K, committed 15040K, reserved 1048576K
}
Event: 13.830 GC heap after
{Heap after GC invocations=46 (full 0):
 garbage-first heap   total 253952K, used 116901K [0x0000000700000000, 0x0000000800000000)
  region size 2048K, 5 young (10240K), 5 survivors (10240K)
 Metaspace       used 105455K, committed 106176K, reserved 1146880K
  class space    used 14693K, committed 15040K, reserved 1048576K
}
Event: 14.169 GC heap before
{Heap before GC invocations=46 (full 0):
 garbage-first heap   total 253952K, used 194725K [0x0000000700000000, 0x0000000800000000)
  region size 2048K, 43 young (88064K), 5 survivors (10240K)
 Metaspace       used 109461K, committed 110208K, reserved 1146880K
  class space    used 15416K, committed 15744K, reserved 1048576K
}
Event: 14.181 GC heap after
{Heap after GC invocations=47 (full 0):
 garbage-first heap   total 253952K, used 125133K [0x0000000700000000, 0x0000000800000000)
  region size 2048K, 5 young (10240K), 5 survivors (10240K)
 Metaspace       used 109461K, committed 110208K, reserved 1146880K
  class space    used 15416K, committed 15744K, reserved 1048576K
}
Event: 14.620 GC heap before
{Heap before GC invocations=47 (full 0):
 garbage-first heap   total 253952K, used 196813K [0x0000000700000000, 0x0000000800000000)
  region size 2048K, 41 young (83968K), 5 survivors (10240K)
 Metaspace       used 112267K, committed 113024K, reserved 1146880K
  class space    used 15800K, committed 16192K, reserved 1048576K
}
Event: 14.628 GC heap after
{Heap after GC invocations=48 (full 0):
 garbage-first heap   total 253952K, used 126161K [0x0000000700000000, 0x0000000800000000)
  region size 2048K, 1 young (2048K), 1 survivors (2048K)
 Metaspace       used 112267K, committed 113024K, reserved 1146880K
  class space    used 15800K, committed 16192K, reserved 1048576K
}
Event: 15.204 GC heap before
{Heap before GC invocations=49 (full 0):
 garbage-first heap   total 253952K, used 206033K [0x0000000700000000, 0x0000000800000000)
  region size 2048K, 40 young (81920K), 1 survivors (2048K)
 Metaspace       used 112612K, committed 113408K, reserved 1146880K
  class space    used 15806K, committed 16192K, reserved 1048576K
}
Event: 15.209 GC heap after
{Heap after GC invocations=50 (full 0):
 garbage-first heap   total 253952K, used 126991K [0x0000000700000000, 0x0000000800000000)
  region size 2048K, 2 young (4096K), 2 survivors (4096K)
 Metaspace       used 112612K, committed 113408K, reserved 1146880K
  class space    used 15806K, committed 16192K, reserved 1048576K
}
Event: 15.233 GC heap before
{Heap before GC invocations=50 (full 0):
 garbage-first heap   total 253952K, used 133135K [0x0000000700000000, 0x0000000800000000)
  region size 2048K, 6 young (12288K), 2 survivors (4096K)
 Metaspace       used 112627K, committed 113408K, reserved 1146880K
  class space    used 15806K, committed 16192K, reserved 1048576K
}
Event: 15.238 GC heap after
{Heap after GC invocations=51 (full 0):
 garbage-first heap   total 366592K, used 126967K [0x0000000700000000, 0x0000000800000000)
  region size 2048K, 1 young (2048K), 1 survivors (2048K)
 Metaspace       used 112627K, committed 113408K, reserved 1146880K
  class space    used 15806K, committed 16192K, reserved 1048576K
}
Event: 15.721 GC heap before
{Heap before GC invocations=51 (full 0):
 garbage-first heap   total 366592K, used 294903K [0x0000000700000000, 0x0000000800000000)
  region size 2048K, 83 young (169984K), 1 survivors (2048K)
 Metaspace       used 113182K, committed 113984K, reserved 1146880K
  class space    used 15848K, committed 16256K, reserved 1048576K
}
Event: 15.725 GC heap after
{Heap after GC invocations=52 (full 0):
 garbage-first heap   total 366592K, used 128058K [0x0000000700000000, 0x0000000800000000)
  region size 2048K, 2 young (4096K), 2 survivors (4096K)
 Metaspace       used 113182K, committed 113984K, reserved 1146880K
  class space    used 15848K, committed 16256K, reserved 1048576K
}
Event: 16.382 GC heap before
{Heap before GC invocations=52 (full 0):
 garbage-first heap   total 366592K, used 304186K [0x0000000700000000, 0x0000000800000000)
  region size 2048K, 88 young (180224K), 2 survivors (4096K)
 Metaspace       used 113855K, committed 114624K, reserved 1155072K
  class space    used 15867K, committed 16256K, reserved 1048576K
}
Event: 16.387 GC heap after
{Heap after GC invocations=53 (full 0):
 garbage-first heap   total 366592K, used 129054K [0x0000000700000000, 0x0000000800000000)
  region size 2048K, 2 young (4096K), 2 survivors (4096K)
 Metaspace       used 113855K, committed 114624K, reserved 1155072K
  class space    used 15867K, committed 16256K, reserved 1048576K
}
Event: 16.884 GC heap before
{Heap before GC invocations=53 (full 0):
 garbage-first heap   total 366592K, used 309278K [0x0000000700000000, 0x0000000800000000)
  region size 2048K, 90 young (184320K), 2 survivors (4096K)
 Metaspace       used 114181K, committed 114880K, reserved 1155072K
  class space    used 15886K, committed 16256K, reserved 1048576K
}
Event: 16.888 GC heap after
{Heap after GC invocations=54 (full 0):
 garbage-first heap   total 366592K, used 128343K [0x0000000700000000, 0x0000000800000000)
  region size 2048K, 2 young (4096K), 2 survivors (4096K)
 Metaspace       used 114181K, committed 114880K, reserved 1155072K
  class space    used 15886K, committed 16256K, reserved 1048576K
}

