# JRE version: OpenJDK Runtime Environment (17.0.6) (build 17.0.6+0-b2043.56-10027231)
# Java VM: OpenJDK 64-Bit Server VM (17.0.6+0-b2043.56-10027231, mixed mode, tiered, compressed oops, compressed class ptrs, g1 gc, windows-amd64)
GC Precious Log:
 CPUs: 8 total, 8 available
 Memory: 7991M
 Large Page Support: Disabled
 NUMA Support: Disabled
 Compressed Oops: Enabled (Zero based)
 Heap Region Size: 2M
 Heap Min Capacity: 8M
 Heap Initial Capacity: 126M
 Heap Max Capacity: 4G
 Pre-touch: Disabled
 Parallel Workers: 8
 Concurrent Workers: 2
 Concurrent Refinement Workers: 8
 Periodic GC: Disabled
Heap:
 garbage-first heap   total 243712K, used 184572K [0x0000000700000000, 0x0000000800000000)
  region size 2048K, 41 young (83968K), 6 survivors (12288K)
 Metaspace       used 105443K, committed 106112K, reserved 1146880K
  class space    used 14609K, committed 14912K, reserved 1048576K
GC Heap History (20 events):
Event: 28.721 GC heap before
{Heap before GC invocations=47 (full 0):
 garbage-first heap   total 120832K, used 99920K [0x0000000700000000, 0x0000000800000000)
  region size 2048K, 17 young (34816K), 3 survivors (6144K)
 Metaspace       used 90766K, committed 91456K, reserved 1130496K
  class space    used 12440K, committed 12736K, reserved 1048576K
}
Event: 28.728 GC heap after
{Heap after GC invocations=48 (full 0):
 garbage-first heap   total 120832K, used 75737K [0x0000000700000000, 0x0000000800000000)
  region size 2048K, 3 young (6144K), 3 survivors (6144K)
 Metaspace       used 90766K, committed 91456K, reserved 1130496K
  class space    used 12440K, committed 12736K, reserved 1048576K
}
Event: 29.275 GC heap before
{Heap before GC invocations=49 (full 0):
 garbage-first heap   total 133120K, used 94169K [0x0000000700000000, 0x0000000800000000)
  region size 2048K, 13 young (26624K), 3 survivors (6144K)
 Metaspace       used 91425K, committed 92096K, reserved 1130496K
  class space    used 12546K, committed 12864K, reserved 1048576K
}
Event: 29.284 GC heap after
{Heap after GC invocations=50 (full 0):
 garbage-first heap   total 133120K, used 78414K [0x0000000700000000, 0x0000000800000000)
  region size 2048K, 2 young (4096K), 2 survivors (4096K)
 Metaspace       used 91425K, committed 92096K, reserved 1130496K
  class space    used 12546K, committed 12864K, reserved 1048576K
}
Event: 29.710 GC heap before
{Heap before GC invocations=50 (full 0):
 garbage-first heap   total 133120K, used 105038K [0x0000000700000000, 0x0000000800000000)
  region size 2048K, 16 young (32768K), 2 survivors (4096K)
 Metaspace       used 91624K, committed 92288K, reserved 1130496K
  class space    used 12547K, committed 12864K, reserved 1048576K
}
Event: 29.714 GC heap after
{Heap after GC invocations=51 (full 0):
 garbage-first heap   total 133120K, used 80037K [0x0000000700000000, 0x0000000800000000)
  region size 2048K, 1 young (2048K), 1 survivors (2048K)
 Metaspace       used 91624K, committed 92288K, reserved 1130496K
  class space    used 12547K, committed 12864K, reserved 1048576K
}
Event: 31.060 GC heap before
{Heap before GC invocations=52 (full 0):
 garbage-first heap   total 147456K, used 106661K [0x0000000700000000, 0x0000000800000000)
  region size 2048K, 15 young (30720K), 1 survivors (2048K)
 Metaspace       used 92380K, committed 93120K, reserved 1130496K
  class space    used 12652K, committed 12992K, reserved 1048576K
}
Event: 31.064 GC heap after
{Heap after GC invocations=53 (full 0):
 garbage-first heap   total 147456K, used 81517K [0x0000000700000000, 0x0000000800000000)
  region size 2048K, 2 young (4096K), 2 survivors (4096K)
 Metaspace       used 92380K, committed 93120K, reserved 1130496K
  class space    used 12652K, committed 12992K, reserved 1048576K
}
Event: 31.094 GC heap before
{Heap before GC invocations=53 (full 0):
 garbage-first heap   total 147456K, used 81517K [0x0000000700000000, 0x0000000800000000)
  region size 2048K, 3 young (6144K), 2 survivors (4096K)
 Metaspace       used 92433K, committed 93120K, reserved 1130496K
  class space    used 12658K, committed 12992K, reserved 1048576K
}
Event: 31.098 GC heap after
{Heap after GC invocations=54 (full 0):
 garbage-first heap   total 147456K, used 80802K [0x0000000700000000, 0x0000000800000000)
  region size 2048K, 1 young (2048K), 1 survivors (2048K)
 Metaspace       used 92433K, committed 93120K, reserved 1130496K
  class space    used 12658K, committed 12992K, reserved 1048576K
}
Event: 31.521 GC heap before
{Heap before GC invocations=54 (full 0):
 garbage-first heap   total 147456K, used 115618K [0x0000000700000000, 0x0000000800000000)
  region size 2048K, 19 young (38912K), 1 survivors (2048K)
 Metaspace       used 94429K, committed 95168K, reserved 1138688K
  class space    used 12862K, committed 13184K, reserved 1048576K
}
Event: 31.525 GC heap after
{Heap after GC invocations=55 (full 0):
 garbage-first heap   total 147456K, used 83070K [0x0000000700000000, 0x0000000800000000)
  region size 2048K, 2 young (4096K), 2 survivors (4096K)
 Metaspace       used 94429K, committed 95168K, reserved 1138688K
  class space    used 12862K, committed 13184K, reserved 1048576K
}
Event: 31.778 GC heap before
{Heap before GC invocations=56 (full 0):
 garbage-first heap   total 157696K, used 117886K [0x0000000700000000, 0x0000000800000000)
  region size 2048K, 20 young (40960K), 2 survivors (4096K)
 Metaspace       used 95579K, committed 96256K, reserved 1138688K
  class space    used 13012K, committed 13312K, reserved 1048576K
}
Event: 31.785 GC heap after
{Heap after GC invocations=57 (full 0):
 garbage-first heap   total 157696K, used 88841K [0x0000000700000000, 0x0000000800000000)
  region size 2048K, 3 young (6144K), 3 survivors (6144K)
 Metaspace       used 95579K, committed 96256K, reserved 1138688K
  class space    used 13012K, committed 13312K, reserved 1048576K
}
Event: 31.799 GC heap before
{Heap before GC invocations=57 (full 0):
 garbage-first heap   total 157696K, used 90889K [0x0000000700000000, 0x0000000800000000)
  region size 2048K, 4 young (8192K), 3 survivors (6144K)
 Metaspace       used 95637K, committed 96320K, reserved 1138688K
  class space    used 13024K, committed 13376K, reserved 1048576K
}
Event: 31.809 GC heap after
{Heap after GC invocations=58 (full 0):
 garbage-first heap   total 243712K, used 88891K [0x0000000700000000, 0x0000000800000000)
  region size 2048K, 1 young (2048K), 1 survivors (2048K)
 Metaspace       used 95637K, committed 96320K, reserved 1138688K
  class space    used 13024K, committed 13376K, reserved 1048576K
}
Event: 32.739 GC heap before
{Heap before GC invocations=58 (full 0):
 garbage-first heap   total 243712K, used 189243K [0x0000000700000000, 0x0000000800000000)
  region size 2048K, 50 young (102400K), 1 survivors (2048K)
 Metaspace       used 100926K, committed 101632K, reserved 1138688K
  class space    used 13826K, committed 14144K, reserved 1048576K
}
Event: 32.760 GC heap after
{Heap after GC invocations=59 (full 0):
 garbage-first heap   total 243712K, used 103388K [0x0000000700000000, 0x0000000800000000)
  region size 2048K, 7 young (14336K), 7 survivors (14336K)
 Metaspace       used 100926K, committed 101632K, reserved 1138688K
  class space    used 13826K, committed 14144K, reserved 1048576K
}
Event: 34.335 GC heap before
{Heap before GC invocations=59 (full 0):
 garbage-first heap   total 243712K, used 183260K [0x0000000700000000, 0x0000000800000000)
  region size 2048K, 46 young (94208K), 7 survivors (14336K)
 Metaspace       used 104113K, committed 104832K, reserved 1146880K
  class space    used 14381K, committed 14720K, reserved 1048576K
}
Event: 34.358 GC heap after
{Heap after GC invocations=60 (full 0):
 garbage-first heap   total 243712K, used 114940K [0x0000000700000000, 0x0000000800000000)
  region size 2048K, 6 young (12288K), 6 survivors (12288K)
 Metaspace       used 104113K, committed 104832K, reserved 1146880K
  class space    used 14381K, committed 14720K, reserved 1048576K
}

